<?xml version="1.0" ?>
<!DOCTYPE coverage SYSTEM "http://cobertura.sourceforge.net/xml/coverage-04.dtd">
<coverage lines-valid="8" lines-covered="8" line-rate="1" branches-valid="7" branches-covered="6" branch-rate="0.8571" timestamp="1632382831645" complexity="0" version="0.1">
  <sources>
    <source>C:\Users\dafon\Documents\GitHub\toolkit-json</source>
  </sources>
  <packages>
    <package name="src" line-rate="1" branch-rate="1">
      <classes>
        <class name="index.js" filename="src\index.js" line-rate="0" branch-rate="0">
          <methods>
          </methods>
          <lines>
          </lines>
        </class>
      </classes>
    </package>
    <package name="src.tools" line-rate="1" branch-rate="0.8571">
      <classes>
        <class name="JsonCircularStringify.js" filename="src\tools\JsonCircularStringify.js" line-rate="1" branch-rate="0.8571">
          <methods>
            <method name="(anonymous_0)" hits="15" signature="()V">
              <lines>
                <line number="8" hits="15"/>
              </lines>
            </method>
            <method name="(anonymous_1)" hits="3" signature="()V">
              <lines>
                <line number="29" hits="3"/>
              </lines>
            </method>
          </methods>
          <lines>
            <line number="8" hits="1" branch="true" condition-coverage="100% (1/1)"/>
            <line number="10" hits="15" branch="true" condition-coverage="100% (2/2)"/>
            <line number="13" hits="15" branch="true" condition-coverage="50% (1/2)"/>
            <line number="16" hits="15" branch="true" condition-coverage="100% (2/2)"/>
            <line number="18" hits="7" branch="false"/>
            <line number="20" hits="12" branch="false"/>
            <line number="29" hits="1" branch="false"/>
            <line number="34" hits="3" branch="false"/>
          </lines>
        </class>
      </classes>
    </package>
  </packages>
</coverage>
