{"total": {"lines":{"total":8,"covered":8,"skipped":0,"pct":100},"statements":{"total":11,"covered":10,"skipped":0,"pct":90.9},"functions":{"total":2,"covered":2,"skipped":0,"pct":100},"branches":{"total":7,"covered":6,"skipped":0,"pct":85.71}}
,"C:\\Users\\dafon\\Documents\\GitHub\\toolkit-json\\src\\index.js": {"lines":{"total":0,"covered":0,"skipped":0,"pct":100},"functions":{"total":0,"covered":0,"skipped":0,"pct":100},"statements":{"total":0,"covered":0,"skipped":0,"pct":100},"branches":{"total":0,"covered":0,"skipped":0,"pct":100}}
,"C:\\Users\\dafon\\Documents\\GitHub\\toolkit-json\\src\\tools\\JsonCircularStringify.js": {"lines":{"total":8,"covered":8,"skipped":0,"pct":100},"functions":{"total":2,"covered":2,"skipped":0,"pct":100},"statements":{"total":11,"covered":10,"skipped":0,"pct":90.9},"branches":{"total":7,"covered":6,"skipped":0,"pct":85.71}}
}
